CRITICAL - 2022-04-21 20:46:04 --> Unable to connect to the database.
#0 /Users/dioanres/Documents/projects/private/web_compro/system/Database/BaseConnection.php(646): CodeIgniter\Database\BaseConnection->initialize()
#1 /Users/dioanres/Documents/projects/private/web_compro/system/Database/BaseBuilder.php(1860): CodeIgniter\Database\BaseConnection->query('SELECT *\nFROM `...', Array, false)
#2 /Users/dioanres/Documents/projects/private/web_compro/system/Model.php(506): CodeIgniter\Database\BaseBuilder->get()
#3 /Users/dioanres/Documents/projects/private/web_compro/app/Models/UserModel.php(26): CodeIgniter\Model->first()
#4 /Users/dioanres/Documents/projects/private/web_compro/app/Controllers/LoginController.php(44): App\Models\UserModel->findByEmail('admin@admin.com')
#5 /Users/dioanres/Documents/projects/private/web_compro/system/CodeIgniter.php(918): App\Controllers\LoginController->prosesLogin()
#6 /Users/dioanres/Documents/projects/private/web_compro/system/CodeIgniter.php(404): CodeIgniter\CodeIgniter->runController(Object(App\Controllers\LoginController))
#7 /Users/dioanres/Documents/projects/private/web_compro/system/CodeIgniter.php(312): CodeIgniter\CodeIgniter->handleRequest(NULL, Object(Config\Cache), false)
#8 /Users/dioanres/Documents/projects/private/web_compro/public/index.php(45): CodeIgniter\CodeIgniter->run()
#9 /Users/dioanres/.composer/vendor/laravel/valet/server.php(219): require('/Users/dioanres...')
#10 {main}
CRITICAL - 2022-04-21 20:46:11 --> Unable to connect to the database.
#0 /Users/dioanres/Documents/projects/private/web_compro/system/Database/BaseConnection.php(646): CodeIgniter\Database\BaseConnection->initialize()
#1 /Users/dioanres/Documents/projects/private/web_compro/system/Database/BaseBuilder.php(1860): CodeIgniter\Database\BaseConnection->query('SELECT *\nFROM `...', Array, false)
#2 /Users/dioanres/Documents/projects/private/web_compro/system/Model.php(506): CodeIgniter\Database\BaseBuilder->get()
#3 /Users/dioanres/Documents/projects/private/web_compro/app/Models/UserModel.php(26): CodeIgniter\Model->first()
#4 /Users/dioanres/Documents/projects/private/web_compro/app/Controllers/LoginController.php(44): App\Models\UserModel->findByEmail('admin@admin.com')
#5 /Users/dioanres/Documents/projects/private/web_compro/system/CodeIgniter.php(918): App\Controllers\LoginController->prosesLogin()
#6 /Users/dioanres/Documents/projects/private/web_compro/system/CodeIgniter.php(404): CodeIgniter\CodeIgniter->runController(Object(App\Controllers\LoginController))
#7 /Users/dioanres/Documents/projects/private/web_compro/system/CodeIgniter.php(312): CodeIgniter\CodeIgniter->handleRequest(NULL, Object(Config\Cache), false)
#8 /Users/dioanres/Documents/projects/private/web_compro/public/index.php(45): CodeIgniter\CodeIgniter->run()
#9 /Users/dioanres/.composer/vendor/laravel/valet/server.php(219): require('/Users/dioanres...')
#10 {main}
CRITICAL - 2022-04-21 20:46:14 --> Unable to connect to the database.
#0 /Users/dioanres/Documents/projects/private/web_compro/system/Database/BaseConnection.php(646): CodeIgniter\Database\BaseConnection->initialize()
#1 /Users/dioanres/Documents/projects/private/web_compro/system/Database/BaseBuilder.php(1860): CodeIgniter\Database\BaseConnection->query('SELECT *\nFROM `...', Array, false)
#2 /Users/dioanres/Documents/projects/private/web_compro/app/Models/CompanyModel.php(33): CodeIgniter\Database\BaseBuilder->get()
#3 /Users/dioanres/Documents/projects/private/web_compro/app/Controllers/Home.php(32): App\Models\CompanyModel->getAllAp()
#4 /Users/dioanres/Documents/projects/private/web_compro/system/CodeIgniter.php(918): App\Controllers\Home->index()
#5 /Users/dioanres/Documents/projects/private/web_compro/system/CodeIgniter.php(404): CodeIgniter\CodeIgniter->runController(Object(App\Controllers\Home))
#6 /Users/dioanres/Documents/projects/private/web_compro/system/CodeIgniter.php(312): CodeIgniter\CodeIgniter->handleRequest(NULL, Object(Config\Cache), false)
#7 /Users/dioanres/Documents/projects/private/web_compro/public/index.php(45): CodeIgniter\CodeIgniter->run()
#8 /Users/dioanres/.composer/vendor/laravel/valet/server.php(219): require('/Users/dioanres...')
#9 {main}
CRITICAL - 2022-04-21 20:46:15 --> Unable to connect to the database.
#0 /Users/dioanres/Documents/projects/private/web_compro/system/Database/BaseConnection.php(646): CodeIgniter\Database\BaseConnection->initialize()
#1 /Users/dioanres/Documents/projects/private/web_compro/system/Database/BaseBuilder.php(1860): CodeIgniter\Database\BaseConnection->query('SELECT *\nFROM `...', Array, false)
#2 /Users/dioanres/Documents/projects/private/web_compro/app/Models/CompanyModel.php(33): CodeIgniter\Database\BaseBuilder->get()
#3 /Users/dioanres/Documents/projects/private/web_compro/app/Controllers/Home.php(32): App\Models\CompanyModel->getAllAp()
#4 /Users/dioanres/Documents/projects/private/web_compro/system/CodeIgniter.php(918): App\Controllers\Home->index()
#5 /Users/dioanres/Documents/projects/private/web_compro/system/CodeIgniter.php(404): CodeIgniter\CodeIgniter->runController(Object(App\Controllers\Home))
#6 /Users/dioanres/Documents/projects/private/web_compro/system/CodeIgniter.php(312): CodeIgniter\CodeIgniter->handleRequest(NULL, Object(Config\Cache), false)
#7 /Users/dioanres/Documents/projects/private/web_compro/public/index.php(45): CodeIgniter\CodeIgniter->run()
#8 /Users/dioanres/.composer/vendor/laravel/valet/server.php(219): require('/Users/dioanres...')
#9 {main}
